[1.216s] Invoking command in '/home/mannaja/coding/project/python_minecraftDetectMob_andSendDataToRos2/ros2_ws/src/laptop_node': PYTHONPATH=/home/mannaja/coding/project/python_minecraftDetectMob_andSendDataToRos2/ros2_ws/build/laptop_node/prefix_override:/usr/lib/python3/dist-packages/colcon_core/task/python/colcon_distutils_commands:/home/mannaja/coding/project/python_minecraftDetectMob_andSendDataToRos2/ros2_ws/install/laptop_node/lib/python3.10/site-packages:${PYTHONPATH} /usr/bin/python3 -W ignore:setup.py install is deprecated setup.py egg_info --egg-base ../../build/laptop_node build --build-base /home/mannaja/coding/project/python_minecraftDetectMob_andSendDataToRos2/ros2_ws/build/laptop_node/build install --record /home/mannaja/coding/project/python_minecraftDetectMob_andSendDataToRos2/ros2_ws/build/laptop_node/install.log --single-version-externally-managed install_data
[1.562s] running egg_info
[1.757s] writing ../../build/laptop_node/laptop_node.egg-info/PKG-INFO
[1.758s] writing dependency_links to ../../build/laptop_node/laptop_node.egg-info/dependency_links.txt
[1.758s] writing entry points to ../../build/laptop_node/laptop_node.egg-info/entry_points.txt
[1.758s] writing requirements to ../../build/laptop_node/laptop_node.egg-info/requires.txt
[1.759s] writing top-level names to ../../build/laptop_node/laptop_node.egg-info/top_level.txt
[1.820s] reading manifest file '../../build/laptop_node/laptop_node.egg-info/SOURCES.txt'
[1.820s] adding license file 'LICENSE'
[1.822s] writing manifest file '../../build/laptop_node/laptop_node.egg-info/SOURCES.txt'
[1.822s] running build
[1.822s] running build_py
[1.822s] creating /home/mannaja/coding/project/python_minecraftDetectMob_andSendDataToRos2/ros2_ws/build/laptop_node/build/lib/laptop_node
[1.822s] copying laptop_node/__init__.py -> /home/mannaja/coding/project/python_minecraftDetectMob_andSendDataToRos2/ros2_ws/build/laptop_node/build/lib/laptop_node
[1.822s] copying laptop_node/main_run.py -> /home/mannaja/coding/project/python_minecraftDetectMob_andSendDataToRos2/ros2_ws/build/laptop_node/build/lib/laptop_node
[1.823s] copying laptop_node/test_keyboard.py -> /home/mannaja/coding/project/python_minecraftDetectMob_andSendDataToRos2/ros2_ws/build/laptop_node/build/lib/laptop_node
[1.823s] running install
[1.832s] running install_lib
[1.860s] creating /home/mannaja/coding/project/python_minecraftDetectMob_andSendDataToRos2/ros2_ws/install/laptop_node/lib/python3.10/site-packages/laptop_node
[1.860s] copying /home/mannaja/coding/project/python_minecraftDetectMob_andSendDataToRos2/ros2_ws/build/laptop_node/build/lib/laptop_node/__init__.py -> /home/mannaja/coding/project/python_minecraftDetectMob_andSendDataToRos2/ros2_ws/install/laptop_node/lib/python3.10/site-packages/laptop_node
[1.861s] copying /home/mannaja/coding/project/python_minecraftDetectMob_andSendDataToRos2/ros2_ws/build/laptop_node/build/lib/laptop_node/main_run.py -> /home/mannaja/coding/project/python_minecraftDetectMob_andSendDataToRos2/ros2_ws/install/laptop_node/lib/python3.10/site-packages/laptop_node
[1.861s] copying /home/mannaja/coding/project/python_minecraftDetectMob_andSendDataToRos2/ros2_ws/build/laptop_node/build/lib/laptop_node/test_keyboard.py -> /home/mannaja/coding/project/python_minecraftDetectMob_andSendDataToRos2/ros2_ws/install/laptop_node/lib/python3.10/site-packages/laptop_node
[1.862s] byte-compiling /home/mannaja/coding/project/python_minecraftDetectMob_andSendDataToRos2/ros2_ws/install/laptop_node/lib/python3.10/site-packages/laptop_node/__init__.py to __init__.cpython-310.pyc
[1.862s] byte-compiling /home/mannaja/coding/project/python_minecraftDetectMob_andSendDataToRos2/ros2_ws/install/laptop_node/lib/python3.10/site-packages/laptop_node/main_run.py to main_run.cpython-310.pyc
[1.863s] byte-compiling /home/mannaja/coding/project/python_minecraftDetectMob_andSendDataToRos2/ros2_ws/install/laptop_node/lib/python3.10/site-packages/laptop_node/test_keyboard.py to test_keyboard.cpython-310.pyc
[1.863s] running install_data
[1.863s] copying resource/laptop_node -> /home/mannaja/coding/project/python_minecraftDetectMob_andSendDataToRos2/ros2_ws/install/laptop_node/share/ament_index/resource_index/packages
[1.863s] copying package.xml -> /home/mannaja/coding/project/python_minecraftDetectMob_andSendDataToRos2/ros2_ws/install/laptop_node/share/laptop_node
[1.864s] copying launch/bot_bringup.launch.py -> /home/mannaja/coding/project/python_minecraftDetectMob_andSendDataToRos2/ros2_ws/install/laptop_node/share/laptop_node/launch
[1.864s] running install_egg_info
[1.892s] removing '/home/mannaja/coding/project/python_minecraftDetectMob_andSendDataToRos2/ros2_ws/install/laptop_node/lib/python3.10/site-packages/laptop_node-0.0.0-py3.10.egg-info' (and everything under it)
[1.893s] Copying ../../build/laptop_node/laptop_node.egg-info to /home/mannaja/coding/project/python_minecraftDetectMob_andSendDataToRos2/ros2_ws/install/laptop_node/lib/python3.10/site-packages/laptop_node-0.0.0-py3.10.egg-info
[1.894s] running install_scripts
[1.962s] Installing main script to /home/mannaja/coding/project/python_minecraftDetectMob_andSendDataToRos2/ros2_ws/install/laptop_node/lib/laptop_node
[1.963s] writing list of installed files to '/home/mannaja/coding/project/python_minecraftDetectMob_andSendDataToRos2/ros2_ws/build/laptop_node/install.log'
[1.995s] Invoked command in '/home/mannaja/coding/project/python_minecraftDetectMob_andSendDataToRos2/ros2_ws/src/laptop_node' returned '0': PYTHONPATH=/home/mannaja/coding/project/python_minecraftDetectMob_andSendDataToRos2/ros2_ws/build/laptop_node/prefix_override:/usr/lib/python3/dist-packages/colcon_core/task/python/colcon_distutils_commands:/home/mannaja/coding/project/python_minecraftDetectMob_andSendDataToRos2/ros2_ws/install/laptop_node/lib/python3.10/site-packages:${PYTHONPATH} /usr/bin/python3 -W ignore:setup.py install is deprecated setup.py egg_info --egg-base ../../build/laptop_node build --build-base /home/mannaja/coding/project/python_minecraftDetectMob_andSendDataToRos2/ros2_ws/build/laptop_node/build install --record /home/mannaja/coding/project/python_minecraftDetectMob_andSendDataToRos2/ros2_ws/build/laptop_node/install.log --single-version-externally-managed install_data
