[1.796s] Invoking command in '/home/mannaja/coding/project/python_minecraftDetectMob_andSendDataToRos2/ros2_ws/src/pi_node': PYTHONPATH=/home/mannaja/coding/project/python_minecraftDetectMob_andSendDataToRos2/ros2_ws/build/pi_node/prefix_override:/usr/lib/python3/dist-packages/colcon_core/task/python/colcon_distutils_commands:/home/mannaja/coding/project/python_minecraftDetectMob_andSendDataToRos2/ros2_ws/install/pi_node/lib/python3.10/site-packages:${PYTHONPATH} /usr/bin/python3 -W ignore:setup.py install is deprecated setup.py egg_info --egg-base ../../build/pi_node build --build-base /home/mannaja/coding/project/python_minecraftDetectMob_andSendDataToRos2/ros2_ws/build/pi_node/build install --record /home/mannaja/coding/project/python_minecraftDetectMob_andSendDataToRos2/ros2_ws/build/pi_node/install.log --single-version-externally-managed install_data
[2.211s] running egg_info
[2.496s] writing ../../build/pi_node/pi_node.egg-info/PKG-INFO
[2.497s] writing dependency_links to ../../build/pi_node/pi_node.egg-info/dependency_links.txt
[2.497s] writing entry points to ../../build/pi_node/pi_node.egg-info/entry_points.txt
[2.498s] writing requirements to ../../build/pi_node/pi_node.egg-info/requires.txt
[2.498s] writing top-level names to ../../build/pi_node/pi_node.egg-info/top_level.txt
[2.568s] reading manifest file '../../build/pi_node/pi_node.egg-info/SOURCES.txt'
[2.569s] adding license file 'LICENSE'
[2.570s] writing manifest file '../../build/pi_node/pi_node.egg-info/SOURCES.txt'
[2.570s] running build
[2.571s] running build_py
[2.571s] copying pi_node/__init__.py -> /home/mannaja/coding/project/python_minecraftDetectMob_andSendDataToRos2/ros2_ws/build/pi_node/build/lib/pi_node
[2.571s] copying pi_node/main_run.py -> /home/mannaja/coding/project/python_minecraftDetectMob_andSendDataToRos2/ros2_ws/build/pi_node/build/lib/pi_node
[2.571s] running install
[2.580s] running install_lib
[2.616s] copying /home/mannaja/coding/project/python_minecraftDetectMob_andSendDataToRos2/ros2_ws/build/pi_node/build/lib/pi_node/main_run.py -> /home/mannaja/coding/project/python_minecraftDetectMob_andSendDataToRos2/ros2_ws/install/pi_node/lib/python3.10/site-packages/pi_node
[2.616s] byte-compiling /home/mannaja/coding/project/python_minecraftDetectMob_andSendDataToRos2/ros2_ws/install/pi_node/lib/python3.10/site-packages/pi_node/main_run.py to main_run.cpython-310.pyc
[2.617s] running install_data
[2.618s] copying resource/pi_node -> /home/mannaja/coding/project/python_minecraftDetectMob_andSendDataToRos2/ros2_ws/install/pi_node/share/ament_index/resource_index/packages
[2.618s] copying package.xml -> /home/mannaja/coding/project/python_minecraftDetectMob_andSendDataToRos2/ros2_ws/install/pi_node/share/pi_node
[2.618s] copying launch/main.launch.py -> /home/mannaja/coding/project/python_minecraftDetectMob_andSendDataToRos2/ros2_ws/install/pi_node/share/pi_node/launch
[2.618s] running install_egg_info
[2.663s] removing '/home/mannaja/coding/project/python_minecraftDetectMob_andSendDataToRos2/ros2_ws/install/pi_node/lib/python3.10/site-packages/pi_node-0.0.0-py3.10.egg-info' (and everything under it)
[2.663s] Copying ../../build/pi_node/pi_node.egg-info to /home/mannaja/coding/project/python_minecraftDetectMob_andSendDataToRos2/ros2_ws/install/pi_node/lib/python3.10/site-packages/pi_node-0.0.0-py3.10.egg-info
[2.665s] running install_scripts
[2.741s] Installing main script to /home/mannaja/coding/project/python_minecraftDetectMob_andSendDataToRos2/ros2_ws/install/pi_node/lib/pi_node
[2.742s] writing list of installed files to '/home/mannaja/coding/project/python_minecraftDetectMob_andSendDataToRos2/ros2_ws/build/pi_node/install.log'
[2.774s] Invoked command in '/home/mannaja/coding/project/python_minecraftDetectMob_andSendDataToRos2/ros2_ws/src/pi_node' returned '0': PYTHONPATH=/home/mannaja/coding/project/python_minecraftDetectMob_andSendDataToRos2/ros2_ws/build/pi_node/prefix_override:/usr/lib/python3/dist-packages/colcon_core/task/python/colcon_distutils_commands:/home/mannaja/coding/project/python_minecraftDetectMob_andSendDataToRos2/ros2_ws/install/pi_node/lib/python3.10/site-packages:${PYTHONPATH} /usr/bin/python3 -W ignore:setup.py install is deprecated setup.py egg_info --egg-base ../../build/pi_node build --build-base /home/mannaja/coding/project/python_minecraftDetectMob_andSendDataToRos2/ros2_ws/build/pi_node/build install --record /home/mannaja/coding/project/python_minecraftDetectMob_andSendDataToRos2/ros2_ws/build/pi_node/install.log --single-version-externally-managed install_data
