[1.563s] Invoking command in '/home/mannaja/coding/project/python_minecraftDetectMob_andSendDataToRos2/ros2_ws/src/laptop_node': PYTHONPATH=/home/mannaja/coding/project/python_minecraftDetectMob_andSendDataToRos2/ros2_ws/build/laptop_node/prefix_override:/usr/lib/python3/dist-packages/colcon_core/task/python/colcon_distutils_commands:/home/mannaja/coding/project/python_minecraftDetectMob_andSendDataToRos2/ros2_ws/install/laptop_node/lib/python3.10/site-packages:${PYTHONPATH} /usr/bin/python3 -W ignore:setup.py install is deprecated setup.py egg_info --egg-base ../../build/laptop_node build --build-base /home/mannaja/coding/project/python_minecraftDetectMob_andSendDataToRos2/ros2_ws/build/laptop_node/build install --record /home/mannaja/coding/project/python_minecraftDetectMob_andSendDataToRos2/ros2_ws/build/laptop_node/install.log --single-version-externally-managed install_data
[2.200s] running egg_info
[2.425s] writing ../../build/laptop_node/laptop_node.egg-info/PKG-INFO
[2.425s] writing dependency_links to ../../build/laptop_node/laptop_node.egg-info/dependency_links.txt
[2.426s] writing entry points to ../../build/laptop_node/laptop_node.egg-info/entry_points.txt
[2.426s] writing requirements to ../../build/laptop_node/laptop_node.egg-info/requires.txt
[2.426s] writing top-level names to ../../build/laptop_node/laptop_node.egg-info/top_level.txt
[2.489s] reading manifest file '../../build/laptop_node/laptop_node.egg-info/SOURCES.txt'
[2.489s] adding license file 'LICENSE'
[2.491s] writing manifest file '../../build/laptop_node/laptop_node.egg-info/SOURCES.txt'
[2.492s] running build
[2.492s] running build_py
[2.492s] copying laptop_node/__init__.py -> /home/mannaja/coding/project/python_minecraftDetectMob_andSendDataToRos2/ros2_ws/build/laptop_node/build/lib/laptop_node
[2.492s] copying laptop_node/windowcapture.py -> /home/mannaja/coding/project/python_minecraftDetectMob_andSendDataToRos2/ros2_ws/build/laptop_node/build/lib/laptop_node
[2.492s] copying laptop_node/main_run.py -> /home/mannaja/coding/project/python_minecraftDetectMob_andSendDataToRos2/ros2_ws/build/laptop_node/build/lib/laptop_node
[2.493s] copying laptop_node/mobDetecter.py -> /home/mannaja/coding/project/python_minecraftDetectMob_andSendDataToRos2/ros2_ws/build/laptop_node/build/lib/laptop_node
[2.493s] running install
[2.503s] running install_lib
[2.535s] copying /home/mannaja/coding/project/python_minecraftDetectMob_andSendDataToRos2/ros2_ws/build/laptop_node/build/lib/laptop_node/windowcapture.py -> /home/mannaja/coding/project/python_minecraftDetectMob_andSendDataToRos2/ros2_ws/install/laptop_node/lib/python3.10/site-packages/laptop_node
[2.535s] copying /home/mannaja/coding/project/python_minecraftDetectMob_andSendDataToRos2/ros2_ws/build/laptop_node/build/lib/laptop_node/main_run.py -> /home/mannaja/coding/project/python_minecraftDetectMob_andSendDataToRos2/ros2_ws/install/laptop_node/lib/python3.10/site-packages/laptop_node
[2.535s] copying /home/mannaja/coding/project/python_minecraftDetectMob_andSendDataToRos2/ros2_ws/build/laptop_node/build/lib/laptop_node/mobDetecter.py -> /home/mannaja/coding/project/python_minecraftDetectMob_andSendDataToRos2/ros2_ws/install/laptop_node/lib/python3.10/site-packages/laptop_node
[2.536s] byte-compiling /home/mannaja/coding/project/python_minecraftDetectMob_andSendDataToRos2/ros2_ws/install/laptop_node/lib/python3.10/site-packages/laptop_node/windowcapture.py to windowcapture.cpython-310.pyc
[2.538s] byte-compiling /home/mannaja/coding/project/python_minecraftDetectMob_andSendDataToRos2/ros2_ws/install/laptop_node/lib/python3.10/site-packages/laptop_node/main_run.py to main_run.cpython-310.pyc
[2.538s] byte-compiling /home/mannaja/coding/project/python_minecraftDetectMob_andSendDataToRos2/ros2_ws/install/laptop_node/lib/python3.10/site-packages/laptop_node/mobDetecter.py to mobDetecter.cpython-310.pyc
[2.539s] running install_data
[2.539s] copying resource/laptop_node -> /home/mannaja/coding/project/python_minecraftDetectMob_andSendDataToRos2/ros2_ws/install/laptop_node/share/ament_index/resource_index/packages
[2.540s] copying package.xml -> /home/mannaja/coding/project/python_minecraftDetectMob_andSendDataToRos2/ros2_ws/install/laptop_node/share/laptop_node
[2.540s] copying launch/main.launch.py -> /home/mannaja/coding/project/python_minecraftDetectMob_andSendDataToRos2/ros2_ws/install/laptop_node/share/laptop_node/launch
[2.540s] copying src/test_gripper.py -> /home/mannaja/coding/project/python_minecraftDetectMob_andSendDataToRos2/ros2_ws/install/laptop_node/laptop_node/src
[2.541s] copying src/utilize.py -> /home/mannaja/coding/project/python_minecraftDetectMob_andSendDataToRos2/ros2_ws/install/laptop_node/laptop_node/src
[2.541s] copying src/__init__.py -> /home/mannaja/coding/project/python_minecraftDetectMob_andSendDataToRos2/ros2_ws/install/laptop_node/laptop_node/src
[2.541s] copying src/windowcapture.py -> /home/mannaja/coding/project/python_minecraftDetectMob_andSendDataToRos2/ros2_ws/install/laptop_node/laptop_node/src
[2.541s] copying src/mobDetecter.py -> /home/mannaja/coding/project/python_minecraftDetectMob_andSendDataToRos2/ros2_ws/install/laptop_node/laptop_node/src
[2.542s] copying src/test_keyboard.py -> /home/mannaja/coding/project/python_minecraftDetectMob_andSendDataToRos2/ros2_ws/install/laptop_node/laptop_node/src
[2.542s] running install_egg_info
[2.587s] removing '/home/mannaja/coding/project/python_minecraftDetectMob_andSendDataToRos2/ros2_ws/install/laptop_node/lib/python3.10/site-packages/laptop_node-0.0.0-py3.10.egg-info' (and everything under it)
[2.587s] Copying ../../build/laptop_node/laptop_node.egg-info to /home/mannaja/coding/project/python_minecraftDetectMob_andSendDataToRos2/ros2_ws/install/laptop_node/lib/python3.10/site-packages/laptop_node-0.0.0-py3.10.egg-info
[2.589s] running install_scripts
[2.667s] Installing main script to /home/mannaja/coding/project/python_minecraftDetectMob_andSendDataToRos2/ros2_ws/install/laptop_node/lib/laptop_node
[2.667s] writing list of installed files to '/home/mannaja/coding/project/python_minecraftDetectMob_andSendDataToRos2/ros2_ws/build/laptop_node/install.log'
[2.704s] Invoked command in '/home/mannaja/coding/project/python_minecraftDetectMob_andSendDataToRos2/ros2_ws/src/laptop_node' returned '0': PYTHONPATH=/home/mannaja/coding/project/python_minecraftDetectMob_andSendDataToRos2/ros2_ws/build/laptop_node/prefix_override:/usr/lib/python3/dist-packages/colcon_core/task/python/colcon_distutils_commands:/home/mannaja/coding/project/python_minecraftDetectMob_andSendDataToRos2/ros2_ws/install/laptop_node/lib/python3.10/site-packages:${PYTHONPATH} /usr/bin/python3 -W ignore:setup.py install is deprecated setup.py egg_info --egg-base ../../build/laptop_node build --build-base /home/mannaja/coding/project/python_minecraftDetectMob_andSendDataToRos2/ros2_ws/build/laptop_node/build install --record /home/mannaja/coding/project/python_minecraftDetectMob_andSendDataToRos2/ros2_ws/build/laptop_node/install.log --single-version-externally-managed install_data
