[1.220s] Invoking command in '/home/mannaja/coding/project/python_minecraftDetectMob_andSendDataToRos2/ros2_ws/src/laptop_node': PYTHONPATH=/home/mannaja/coding/project/python_minecraftDetectMob_andSendDataToRos2/ros2_ws/build/laptop_node/prefix_override:/usr/lib/python3/dist-packages/colcon_core/task/python/colcon_distutils_commands:/home/mannaja/coding/project/python_minecraftDetectMob_andSendDataToRos2/ros2_ws/install/laptop_node/lib/python3.10/site-packages:${PYTHONPATH} /usr/bin/python3 -W ignore:setup.py install is deprecated setup.py egg_info --egg-base ../../build/laptop_node build --build-base /home/mannaja/coding/project/python_minecraftDetectMob_andSendDataToRos2/ros2_ws/build/laptop_node/build install --record /home/mannaja/coding/project/python_minecraftDetectMob_andSendDataToRos2/ros2_ws/build/laptop_node/install.log --single-version-externally-managed install_data
[1.601s] running egg_info
[1.805s] writing ../../build/laptop_node/laptop_node.egg-info/PKG-INFO
[1.806s] writing dependency_links to ../../build/laptop_node/laptop_node.egg-info/dependency_links.txt
[1.806s] writing entry points to ../../build/laptop_node/laptop_node.egg-info/entry_points.txt
[1.806s] writing requirements to ../../build/laptop_node/laptop_node.egg-info/requires.txt
[1.806s] writing top-level names to ../../build/laptop_node/laptop_node.egg-info/top_level.txt
[1.866s] reading manifest file '../../build/laptop_node/laptop_node.egg-info/SOURCES.txt'
[1.867s] adding license file 'LICENSE'
[1.868s] writing manifest file '../../build/laptop_node/laptop_node.egg-info/SOURCES.txt'
[1.868s] running build
[1.868s] running build_py
[1.868s] copying laptop_node/__init__.py -> /home/mannaja/coding/project/python_minecraftDetectMob_andSendDataToRos2/ros2_ws/build/laptop_node/build/lib/laptop_node
[1.869s] copying laptop_node/windowcapture.py -> /home/mannaja/coding/project/python_minecraftDetectMob_andSendDataToRos2/ros2_ws/build/laptop_node/build/lib/laptop_node
[1.869s] copying laptop_node/main_run.py -> /home/mannaja/coding/project/python_minecraftDetectMob_andSendDataToRos2/ros2_ws/build/laptop_node/build/lib/laptop_node
[1.869s] copying laptop_node/mobDetecter.py -> /home/mannaja/coding/project/python_minecraftDetectMob_andSendDataToRos2/ros2_ws/build/laptop_node/build/lib/laptop_node
[1.870s] running install
[1.880s] running install_lib
[1.914s] copying /home/mannaja/coding/project/python_minecraftDetectMob_andSendDataToRos2/ros2_ws/build/laptop_node/build/lib/laptop_node/main_run.py -> /home/mannaja/coding/project/python_minecraftDetectMob_andSendDataToRos2/ros2_ws/install/laptop_node/lib/python3.10/site-packages/laptop_node
[1.915s] byte-compiling /home/mannaja/coding/project/python_minecraftDetectMob_andSendDataToRos2/ros2_ws/install/laptop_node/lib/python3.10/site-packages/laptop_node/main_run.py to main_run.cpython-310.pyc
[1.916s] running install_data
[1.916s] copying resource/laptop_node -> /home/mannaja/coding/project/python_minecraftDetectMob_andSendDataToRos2/ros2_ws/install/laptop_node/share/ament_index/resource_index/packages
[1.917s] copying package.xml -> /home/mannaja/coding/project/python_minecraftDetectMob_andSendDataToRos2/ros2_ws/install/laptop_node/share/laptop_node
[1.917s] copying launch/main.launch.py -> /home/mannaja/coding/project/python_minecraftDetectMob_andSendDataToRos2/ros2_ws/install/laptop_node/share/laptop_node/launch
[1.917s] running install_egg_info
[1.949s] removing '/home/mannaja/coding/project/python_minecraftDetectMob_andSendDataToRos2/ros2_ws/install/laptop_node/lib/python3.10/site-packages/laptop_node-0.0.0-py3.10.egg-info' (and everything under it)
[1.949s] Copying ../../build/laptop_node/laptop_node.egg-info to /home/mannaja/coding/project/python_minecraftDetectMob_andSendDataToRos2/ros2_ws/install/laptop_node/lib/python3.10/site-packages/laptop_node-0.0.0-py3.10.egg-info
[1.951s] running install_scripts
[2.018s] Installing main script to /home/mannaja/coding/project/python_minecraftDetectMob_andSendDataToRos2/ros2_ws/install/laptop_node/lib/laptop_node
[2.019s] writing list of installed files to '/home/mannaja/coding/project/python_minecraftDetectMob_andSendDataToRos2/ros2_ws/build/laptop_node/install.log'
[2.052s] Invoked command in '/home/mannaja/coding/project/python_minecraftDetectMob_andSendDataToRos2/ros2_ws/src/laptop_node' returned '0': PYTHONPATH=/home/mannaja/coding/project/python_minecraftDetectMob_andSendDataToRos2/ros2_ws/build/laptop_node/prefix_override:/usr/lib/python3/dist-packages/colcon_core/task/python/colcon_distutils_commands:/home/mannaja/coding/project/python_minecraftDetectMob_andSendDataToRos2/ros2_ws/install/laptop_node/lib/python3.10/site-packages:${PYTHONPATH} /usr/bin/python3 -W ignore:setup.py install is deprecated setup.py egg_info --egg-base ../../build/laptop_node build --build-base /home/mannaja/coding/project/python_minecraftDetectMob_andSendDataToRos2/ros2_ws/build/laptop_node/build install --record /home/mannaja/coding/project/python_minecraftDetectMob_andSendDataToRos2/ros2_ws/build/laptop_node/install.log --single-version-externally-managed install_data
