[1.762s] Invoking command in '/home/mannaja/coding/project/python_minecraftDetectMob_andSendDataToRos2/ros2_ws/src/pi_node': PYTHONPATH=/home/mannaja/coding/project/python_minecraftDetectMob_andSendDataToRos2/ros2_ws/build/pi_node/prefix_override:/usr/lib/python3/dist-packages/colcon_core/task/python/colcon_distutils_commands:/home/mannaja/coding/project/python_minecraftDetectMob_andSendDataToRos2/ros2_ws/install/pi_node/lib/python3.10/site-packages:${PYTHONPATH} /usr/bin/python3 -W ignore:setup.py install is deprecated setup.py egg_info --egg-base ../../build/pi_node build --build-base /home/mannaja/coding/project/python_minecraftDetectMob_andSendDataToRos2/ros2_ws/build/pi_node/build install --record /home/mannaja/coding/project/python_minecraftDetectMob_andSendDataToRos2/ros2_ws/build/pi_node/install.log --single-version-externally-managed install_data
[2.191s] running egg_info
[2.437s] writing ../../build/pi_node/pi_node.egg-info/PKG-INFO
[2.437s] writing dependency_links to ../../build/pi_node/pi_node.egg-info/dependency_links.txt
[2.438s] writing entry points to ../../build/pi_node/pi_node.egg-info/entry_points.txt
[2.438s] writing requirements to ../../build/pi_node/pi_node.egg-info/requires.txt
[2.438s] writing top-level names to ../../build/pi_node/pi_node.egg-info/top_level.txt
[2.506s] reading manifest file '../../build/pi_node/pi_node.egg-info/SOURCES.txt'
[2.506s] adding license file 'LICENSE'
[2.507s] writing manifest file '../../build/pi_node/pi_node.egg-info/SOURCES.txt'
[2.507s] running build
[2.508s] running build_py
[2.508s] copying pi_node/__init__.py -> /home/mannaja/coding/project/python_minecraftDetectMob_andSendDataToRos2/ros2_ws/build/pi_node/build/lib/pi_node
[2.508s] copying pi_node/main_run.py -> /home/mannaja/coding/project/python_minecraftDetectMob_andSendDataToRos2/ros2_ws/build/pi_node/build/lib/pi_node
[2.509s] running install
[2.521s] running install_lib
[2.552s] running install_data
[2.552s] copying resource/pi_node -> /home/mannaja/coding/project/python_minecraftDetectMob_andSendDataToRos2/ros2_ws/install/pi_node/share/ament_index/resource_index/packages
[2.552s] copying package.xml -> /home/mannaja/coding/project/python_minecraftDetectMob_andSendDataToRos2/ros2_ws/install/pi_node/share/pi_node
[2.553s] copying launch/main.launch.py -> /home/mannaja/coding/project/python_minecraftDetectMob_andSendDataToRos2/ros2_ws/install/pi_node/share/pi_node/launch
[2.553s] running install_egg_info
[2.586s] removing '/home/mannaja/coding/project/python_minecraftDetectMob_andSendDataToRos2/ros2_ws/install/pi_node/lib/python3.10/site-packages/pi_node-0.0.0-py3.10.egg-info' (and everything under it)
[2.587s] Copying ../../build/pi_node/pi_node.egg-info to /home/mannaja/coding/project/python_minecraftDetectMob_andSendDataToRos2/ros2_ws/install/pi_node/lib/python3.10/site-packages/pi_node-0.0.0-py3.10.egg-info
[2.588s] running install_scripts
[2.670s] Installing main script to /home/mannaja/coding/project/python_minecraftDetectMob_andSendDataToRos2/ros2_ws/install/pi_node/lib/pi_node
[2.670s] writing list of installed files to '/home/mannaja/coding/project/python_minecraftDetectMob_andSendDataToRos2/ros2_ws/build/pi_node/install.log'
[2.708s] Invoked command in '/home/mannaja/coding/project/python_minecraftDetectMob_andSendDataToRos2/ros2_ws/src/pi_node' returned '0': PYTHONPATH=/home/mannaja/coding/project/python_minecraftDetectMob_andSendDataToRos2/ros2_ws/build/pi_node/prefix_override:/usr/lib/python3/dist-packages/colcon_core/task/python/colcon_distutils_commands:/home/mannaja/coding/project/python_minecraftDetectMob_andSendDataToRos2/ros2_ws/install/pi_node/lib/python3.10/site-packages:${PYTHONPATH} /usr/bin/python3 -W ignore:setup.py install is deprecated setup.py egg_info --egg-base ../../build/pi_node build --build-base /home/mannaja/coding/project/python_minecraftDetectMob_andSendDataToRos2/ros2_ws/build/pi_node/build install --record /home/mannaja/coding/project/python_minecraftDetectMob_andSendDataToRos2/ros2_ws/build/pi_node/install.log --single-version-externally-managed install_data
