[1.524s] Invoking command in '/home/mannaja/coding/project/python_minecraftDetectMob_andSendDataToRos2/ros2_ws/src/laptop_node': PYTHONPATH=/home/mannaja/coding/project/python_minecraftDetectMob_andSendDataToRos2/ros2_ws/build/laptop_node/prefix_override:/usr/lib/python3/dist-packages/colcon_core/task/python/colcon_distutils_commands:/home/mannaja/coding/project/python_minecraftDetectMob_andSendDataToRos2/ros2_ws/install/laptop_node/lib/python3.10/site-packages:${PYTHONPATH} /usr/bin/python3 -W ignore:setup.py install is deprecated setup.py egg_info --egg-base ../../build/laptop_node build --build-base /home/mannaja/coding/project/python_minecraftDetectMob_andSendDataToRos2/ros2_ws/build/laptop_node/build install --record /home/mannaja/coding/project/python_minecraftDetectMob_andSendDataToRos2/ros2_ws/build/laptop_node/install.log --single-version-externally-managed install_data
[1.917s] running egg_info
[2.121s] writing ../../build/laptop_node/laptop_node.egg-info/PKG-INFO
[2.122s] writing dependency_links to ../../build/laptop_node/laptop_node.egg-info/dependency_links.txt
[2.122s] writing entry points to ../../build/laptop_node/laptop_node.egg-info/entry_points.txt
[2.122s] writing requirements to ../../build/laptop_node/laptop_node.egg-info/requires.txt
[2.122s] writing top-level names to ../../build/laptop_node/laptop_node.egg-info/top_level.txt
[2.184s] reading manifest file '../../build/laptop_node/laptop_node.egg-info/SOURCES.txt'
[2.184s] adding license file 'LICENSE'
[2.186s] writing manifest file '../../build/laptop_node/laptop_node.egg-info/SOURCES.txt'
[2.186s] running build
[2.186s] running build_py
[2.187s] copying laptop_node/__init__.py -> /home/mannaja/coding/project/python_minecraftDetectMob_andSendDataToRos2/ros2_ws/build/laptop_node/build/lib/laptop_node
[2.187s] copying laptop_node/windowcapture.py -> /home/mannaja/coding/project/python_minecraftDetectMob_andSendDataToRos2/ros2_ws/build/laptop_node/build/lib/laptop_node
[2.187s] copying laptop_node/main_run.py -> /home/mannaja/coding/project/python_minecraftDetectMob_andSendDataToRos2/ros2_ws/build/laptop_node/build/lib/laptop_node
[2.187s] running install
[2.198s] running install_lib
[2.229s] copying /home/mannaja/coding/project/python_minecraftDetectMob_andSendDataToRos2/ros2_ws/build/laptop_node/build/lib/laptop_node/main_run.py -> /home/mannaja/coding/project/python_minecraftDetectMob_andSendDataToRos2/ros2_ws/install/laptop_node/lib/python3.10/site-packages/laptop_node
[2.230s] byte-compiling /home/mannaja/coding/project/python_minecraftDetectMob_andSendDataToRos2/ros2_ws/install/laptop_node/lib/python3.10/site-packages/laptop_node/main_run.py to main_run.cpython-310.pyc
[2.231s] running install_data
[2.232s] copying resource/laptop_node -> /home/mannaja/coding/project/python_minecraftDetectMob_andSendDataToRos2/ros2_ws/install/laptop_node/share/ament_index/resource_index/packages
[2.232s] copying package.xml -> /home/mannaja/coding/project/python_minecraftDetectMob_andSendDataToRos2/ros2_ws/install/laptop_node/share/laptop_node
[2.232s] copying launch/main.launch.py -> /home/mannaja/coding/project/python_minecraftDetectMob_andSendDataToRos2/ros2_ws/install/laptop_node/share/laptop_node/launch
[2.233s] running install_egg_info
[2.273s] removing '/home/mannaja/coding/project/python_minecraftDetectMob_andSendDataToRos2/ros2_ws/install/laptop_node/lib/python3.10/site-packages/laptop_node-0.0.0-py3.10.egg-info' (and everything under it)
[2.273s] Copying ../../build/laptop_node/laptop_node.egg-info to /home/mannaja/coding/project/python_minecraftDetectMob_andSendDataToRos2/ros2_ws/install/laptop_node/lib/python3.10/site-packages/laptop_node-0.0.0-py3.10.egg-info
[2.274s] running install_scripts
[2.342s] Installing main script to /home/mannaja/coding/project/python_minecraftDetectMob_andSendDataToRos2/ros2_ws/install/laptop_node/lib/laptop_node
[2.343s] writing list of installed files to '/home/mannaja/coding/project/python_minecraftDetectMob_andSendDataToRos2/ros2_ws/build/laptop_node/install.log'
[2.379s] Invoked command in '/home/mannaja/coding/project/python_minecraftDetectMob_andSendDataToRos2/ros2_ws/src/laptop_node' returned '0': PYTHONPATH=/home/mannaja/coding/project/python_minecraftDetectMob_andSendDataToRos2/ros2_ws/build/laptop_node/prefix_override:/usr/lib/python3/dist-packages/colcon_core/task/python/colcon_distutils_commands:/home/mannaja/coding/project/python_minecraftDetectMob_andSendDataToRos2/ros2_ws/install/laptop_node/lib/python3.10/site-packages:${PYTHONPATH} /usr/bin/python3 -W ignore:setup.py install is deprecated setup.py egg_info --egg-base ../../build/laptop_node build --build-base /home/mannaja/coding/project/python_minecraftDetectMob_andSendDataToRos2/ros2_ws/build/laptop_node/build install --record /home/mannaja/coding/project/python_minecraftDetectMob_andSendDataToRos2/ros2_ws/build/laptop_node/install.log --single-version-externally-managed install_data
